<?xml version="1.0" encoding="UTF-8"?>
<coverage generated="1750207618940" clover="3.2.0">
  <project timestamp="1750207618940" name="All files">
    <metrics statements="23" coveredstatements="16" conditionals="10" coveredconditionals="4" methods="7" coveredmethods="4" elements="40" coveredelements="24" complexity="0" loc="23" ncloc="23" packages="1" files="2" classes="2"/>
    <file name="ShortenService.ts" path="C:\Users\jose_bo_silva\Pictures\encurtador\Encurtador-backend\src\Services\ShortenService.ts">
      <metrics statements="17" coveredstatements="10" conditionals="8" coveredconditionals="2" methods="5" coveredmethods="2"/>
      <line num="2" count="1" type="stmt"/>
      <line num="3" count="1" type="stmt"/>
      <line num="4" count="1" type="stmt"/>
      <line num="7" count="2" type="stmt"/>
      <line num="9" count="2" type="stmt"/>
      <line num="11" count="2" type="cond" truecount="2" falsecount="0"/>
      <line num="13" count="2" type="stmt"/>
      <line num="20" count="2" type="stmt"/>
      <line num="22" count="2" type="stmt"/>
      <line num="26" count="0" type="stmt"/>
      <line num="27" count="0" type="cond" truecount="0" falsecount="2"/>
      <line num="28" count="0" type="stmt"/>
      <line num="31" count="0" type="cond" truecount="0" falsecount="4"/>
      <line num="34" count="0" type="stmt"/>
      <line num="35" count="0" type="stmt"/>
      <line num="36" count="0" type="stmt"/>
      <line num="40" count="1" type="stmt"/>
    </file>
    <file name="SumService.ts" path="C:\Users\jose_bo_silva\Pictures\encurtador\Encurtador-backend\src\Services\SumService.ts">
      <metrics statements="6" coveredstatements="6" conditionals="2" coveredconditionals="2" methods="2" coveredmethods="2"/>
      <line num="1" count="1" type="stmt"/>
      <line num="2" count="1" type="stmt"/>
      <line num="5" count="1" type="stmt"/>
      <line num="6" count="2" type="cond" truecount="2" falsecount="0"/>
      <line num="7" count="1" type="stmt"/>
      <line num="9" count="1" type="stmt"/>
    </file>
  </project>
</coverage>
