{"C:\\Users\\jose_bo_silva\\Pictures\\encurtador\\Encurtador-backend\\src\\Services\\ShortenService.ts": {"path":"C:\\Users\\jose_bo_silva\\Pictures\\encurtador\\Encurtador-backend\\src\\Services\\ShortenService.ts","statementMap":{"0":{"start":{"line":2,"column":0},"end":{"line":2,"column":42}},"1":{"start":{"line":3,"column":0},"end":{"line":3,"column":40}},"2":{"start":{"line":4,"column":0},"end":{"line":4,"column":28}},"3":{"start":{"line":7,"column":26},"end":{"line":29,"column":null}},"4":{"start":{"line":8,"column":31},"end":{"line":8,"column":88}},"5":{"start":{"line":9,"column":25},"end":{"line":9,"column":70}},"6":{"start":{"line":12,"column":8},"end":{"line":17,"column":9}},"7":{"start":{"line":13,"column":33},"end":{"line":13,"column":93}},"8":{"start":{"line":14,"column":12},"end":{"line":16,"column":13}},"9":{"start":{"line":15,"column":16},"end":{"line":15,"column":null}},"10":{"start":{"line":19,"column":21},"end":{"line":24,"column":18}},"11":{"start":{"line":26,"column":8},"end":{"line":26,"column":49}},"12":{"start":{"line":28,"column":8},"end":{"line":28,"column":null}},"13":{"start":{"line":32,"column":21},"end":{"line":32,"column":85}},"14":{"start":{"line":33,"column":8},"end":{"line":35,"column":9}},"15":{"start":{"line":34,"column":12},"end":{"line":34,"column":null}},"16":{"start":{"line":37,"column":8},"end":{"line":37,"column":null}},"17":{"start":{"line":40,"column":32},"end":{"line":47,"column":null}},"18":{"start":{"line":41,"column":8},"end":{"line":43,"column":9}},"19":{"start":{"line":42,"column":12},"end":{"line":42,"column":null}},"20":{"start":{"line":45,"column":23},"end":{"line":45,"column":50}},"21":{"start":{"line":46,"column":8},"end":{"line":46,"column":null}},"22":{"start":{"line":50,"column":13},"end":{"line":50,"column":null}}},"fnMap":{"0":{"name":"(anonymous_8)","decl":{"start":{"line":7,"column":17},"end":{"line":7,"column":25}},"loc":{"start":{"line":7,"column":25},"end":{"line":29,"column":null}}},"1":{"name":"(anonymous_9)","decl":{"start":{"line":7,"column":26},"end":{"line":7,"column":27}},"loc":{"start":{"line":7,"column":79},"end":{"line":29,"column":5}}},"2":{"name":"(anonymous_10)","decl":{"start":{"line":31,"column":17},"end":{"line":31,"column":33}},"loc":{"start":{"line":31,"column":52},"end":{"line":38,"column":null}}},"3":{"name":"(anonymous_12)","decl":{"start":{"line":40,"column":17},"end":{"line":40,"column":31}},"loc":{"start":{"line":40,"column":31},"end":{"line":47,"column":null}}},"4":{"name":"(anonymous_13)","decl":{"start":{"line":40,"column":32},"end":{"line":40,"column":34}},"loc":{"start":{"line":40,"column":55},"end":{"line":47,"column":5}}}},"branchMap":{"0":{"loc":{"start":{"line":9,"column":25},"end":{"line":9,"column":70}},"type":"cond-expr","locations":[{"start":{"line":9,"column":44},"end":{"line":9,"column":60}},{"start":{"line":9,"column":63},"end":{"line":9,"column":70}}]},"1":{"loc":{"start":{"line":12,"column":8},"end":{"line":17,"column":9}},"type":"if","locations":[{"start":{"line":12,"column":8},"end":{"line":17,"column":9}},{"start":{},"end":{}}]},"2":{"loc":{"start":{"line":14,"column":12},"end":{"line":16,"column":13}},"type":"if","locations":[{"start":{"line":14,"column":12},"end":{"line":16,"column":13}},{"start":{},"end":{}}]},"3":{"loc":{"start":{"line":33,"column":8},"end":{"line":35,"column":9}},"type":"if","locations":[{"start":{"line":33,"column":8},"end":{"line":35,"column":9}},{"start":{},"end":{}}]},"4":{"loc":{"start":{"line":41,"column":8},"end":{"line":43,"column":9}},"type":"if","locations":[{"start":{"line":41,"column":8},"end":{"line":43,"column":9}},{"start":{},"end":{}}]},"5":{"loc":{"start":{"line":41,"column":11},"end":{"line":41,"column":44}},"type":"binary-expr","locations":[{"start":{"line":41,"column":11},"end":{"line":41,"column":28}},{"start":{"line":41,"column":32},"end":{"line":41,"column":44}}]}},"s":{"0":1,"1":1,"2":1,"3":3,"4":3,"5":3,"6":3,"7":2,"8":2,"9":1,"10":2,"11":2,"12":2,"13":2,"14":1,"15":0,"16":1,"17":2,"18":2,"19":1,"20":1,"21":1,"22":1},"f":{"0":3,"1":3,"2":2,"3":2,"4":2},"b":{"0":[1,2],"1":[2,1],"2":[1,1],"3":[0,1],"4":[1,1],"5":[2,2]}}
,"C:\\Users\\jose_bo_silva\\Pictures\\encurtador\\Encurtador-backend\\src\\Services\\SumService.ts": {"path":"C:\\Users\\jose_bo_silva\\Pictures\\encurtador\\Encurtador-backend\\src\\Services\\SumService.ts","statementMap":{"0":{"start":{"line":1,"column":0},"end":{"line":1,"column":16}},"1":{"start":{"line":5,"column":0},"end":{"line":5,"column":16}},"2":{"start":{"line":2,"column":4},"end":{"line":2,"column":17}},"3":{"start":{"line":6,"column":4},"end":{"line":8,"column":5}},"4":{"start":{"line":7,"column":8},"end":{"line":7,"column":null}},"5":{"start":{"line":9,"column":4},"end":{"line":9,"column":17}}},"fnMap":{"0":{"name":"Sum","decl":{"start":{"line":1,"column":16},"end":{"line":1,"column":19}},"loc":{"start":{"line":1,"column":40},"end":{"line":3,"column":1}}},"1":{"name":"Divisao","decl":{"start":{"line":5,"column":16},"end":{"line":5,"column":23}},"loc":{"start":{"line":5,"column":44},"end":{"line":10,"column":1}}}},"branchMap":{"0":{"loc":{"start":{"line":6,"column":4},"end":{"line":8,"column":5}},"type":"if","locations":[{"start":{"line":6,"column":4},"end":{"line":8,"column":5}},{"start":{},"end":{}}]}},"s":{"0":1,"1":1,"2":1,"3":2,"4":1,"5":1},"f":{"0":1,"1":2},"b":{"0":[1,1]}}
}
